::1 - - [02/Aug/2019:15:13:12 -0400] "GET / HTTP/1.1" 200 233
::1 - - [02/Aug/2019:15:13:12 -0400] "GET /src/lib/pixi.min.js HTTP/1.1" 200 96377
::1 - - [02/Aug/2019:15:13:12 -0400] "GET /favicon.ico HTTP/1.1" 404 14
::1 - - [02/Aug/2019:15:13:15 -0400] "GET /src/lib/pixi.min.js.map HTTP/1.1" 200 1713605
::1 - - [02/Aug/2019:15:20:18 -0400] "GET /src/lib/pixi.min.js.map HTTP/1.1" 200 1713605
::1 - - [02/Aug/2019:15:20:20 -0400] "GET / HTTP/1.1" 200 250
::1 - - [02/Aug/2019:15:20:20 -0400] "GET /src/lib/pixi.min.js HTTP/1.1" 200 96377
::1 - - [02/Aug/2019:15:20:20 -0400] "GET /src/lib/pixi.min.js.map HTTP/1.1" 200 1713605
::1 - - [02/Aug/2019:15:21:31 -0400] "GET / HTTP/1.1" 200 257
::1 - - [02/Aug/2019:15:21:31 -0400] "GET /src/lib/pixi.min.js HTTP/1.1" 200 96377
::1 - - [02/Aug/2019:15:21:31 -0400] "GET /src/lib/pixi.min.js.map HTTP/1.1" 200 1713605
::1 - - [02/Aug/2019:15:21:32 -0400] "GET / HTTP/1.1" 200 257
::1 - - [02/Aug/2019:15:21:32 -0400] "GET /src/lib/pixi.min.js HTTP/1.1" 200 96377
::1 - - [02/Aug/2019:15:21:32 -0400] "GET /src/lib/pixi.min.js.map HTTP/1.1" 200 1713605
::1 - - [02/Aug/2019:15:21:33 -0400] "GET / HTTP/1.1" 200 257
::1 - - [02/Aug/2019:15:21:33 -0400] "GET /src/lib/pixi.min.js HTTP/1.1" 200 96377
::1 - - [02/Aug/2019:15:21:33 -0400] "GET /src/lib/pixi.min.js.map HTTP/1.1" 200 1713605
::1 - - [02/Aug/2019:15:21:33 -0400] "GET / HTTP/1.1" 200 257
::1 - - [02/Aug/2019:15:21:33 -0400] "GET /src/lib/pixi.min.js HTTP/1.1" 200 96377
::1 - - [02/Aug/2019:15:21:33 -0400] "GET /src/lib/pixi.min.js.map HTTP/1.1" 200 1713605
::1 - - [02/Aug/2019:15:21:33 -0400] "GET / HTTP/1.1" 200 257
::1 - - [02/Aug/2019:15:21:33 -0400] "GET /src/lib/pixi.min.js HTTP/1.1" 200 96377
::1 - - [02/Aug/2019:15:21:33 -0400] "GET /src/lib/pixi.min.js.map HTTP/1.1" 200 1713605
::1 - - [02/Aug/2019:15:21:33 -0400] "GET / HTTP/1.1" 200 257
::1 - - [02/Aug/2019:15:21:33 -0400] "GET /src/lib/pixi.min.js HTTP/1.1" 200 96377
::1 - - [02/Aug/2019:15:21:33 -0400] "GET /src/lib/pixi.min.js.map HTTP/1.1" 200 1713605
::1 - - [02/Aug/2019:15:21:39 -0400] "GET / HTTP/1.1" 200 260
::1 - - [02/Aug/2019:15:21:39 -0400] "GET /src/lib/pixi.min.js HTTP/1.1" 200 96377
::1 - - [02/Aug/2019:15:21:39 -0400] "GET /favicon.png HTTP/1.1" 200 3766
::1 - - [02/Aug/2019:15:21:39 -0400] "GET /src/lib/pixi.min.js.map HTTP/1.1" 200 1713605
::1 - - [02/Aug/2019:15:27:04 -0400] "GET / HTTP/1.1" 200 397
::1 - - [02/Aug/2019:15:27:04 -0400] "GET /src/index.js HTTP/1.1" 200 23
::1 - - [02/Aug/2019:15:27:04 -0400] "GET /src/lib/pixi.min.js HTTP/1.1" 200 96377
::1 - - [02/Aug/2019:15:27:04 -0400] "GET /favicon.png HTTP/1.1" 200 3766
::1 - - [02/Aug/2019:15:27:04 -0400] "GET /src/lib/pixi.min.js.map HTTP/1.1" 200 1713605
::1 - - [02/Aug/2019:15:29:25 -0400] "GET / HTTP/1.1" 200 397
::1 - - [02/Aug/2019:15:29:25 -0400] "GET /src/index.js HTTP/1.1" 200 113
::1 - - [02/Aug/2019:15:29:25 -0400] "GET /src/lib/pixi.min.js HTTP/1.1" 200 96377
::1 - - [02/Aug/2019:15:29:25 -0400] "GET /src/lib/pixi.min.js.map HTTP/1.1" 200 1713605
::1 - - [02/Aug/2019:15:29:25 -0400] "GET /favicon.png HTTP/1.1" 200 3766
::1 - - [02/Aug/2019:15:29:58 -0400] "GET / HTTP/1.1" 200 397
::1 - - [02/Aug/2019:15:29:58 -0400] "GET /src/index.js HTTP/1.1" 200 117
::1 - - [02/Aug/2019:15:29:58 -0400] "GET /src/lib/pixi.min.js HTTP/1.1" 200 96377
::1 - - [02/Aug/2019:15:29:58 -0400] "GET /src/lib/pixi.min.js.map HTTP/1.1" 200 1713605
::1 - - [02/Aug/2019:15:29:59 -0400] "GET /favicon.png HTTP/1.1" 200 3766
::1 - - [02/Aug/2019:15:33:48 -0400] "GET / HTTP/1.1" 200 397
::1 - - [02/Aug/2019:15:33:48 -0400] "GET /src/index.js HTTP/1.1" 200 162
::1 - - [02/Aug/2019:15:33:48 -0400] "GET /src/lib/pixi.min.js HTTP/1.1" 200 96377
::1 - - [02/Aug/2019:15:33:48 -0400] "GET /src/lib/pixi.min.js.map HTTP/1.1" 200 1713605
::1 - - [02/Aug/2019:15:33:48 -0400] "GET /favicon.png HTTP/1.1" 200 3766
::1 - - [02/Aug/2019:15:35:37 -0400] "GET / HTTP/1.1" 200 397
::1 - - [02/Aug/2019:15:35:37 -0400] "GET /src/index.js HTTP/1.1" 200 220
::1 - - [02/Aug/2019:15:35:37 -0400] "GET /src/lib/pixi.min.js HTTP/1.1" 200 96377
::1 - - [02/Aug/2019:15:35:37 -0400] "GET /src/lib/pixi.min.js.map HTTP/1.1" 200 1713605
::1 - - [02/Aug/2019:15:35:37 -0400] "GET /favicon.png HTTP/1.1" 200 3766
::1 - - [02/Aug/2019:15:36:22 -0400] "GET / HTTP/1.1" 200 397
::1 - - [02/Aug/2019:15:36:22 -0400] "GET /src/index.js HTTP/1.1" 200 239
::1 - - [02/Aug/2019:15:36:22 -0400] "GET /src/lib/pixi.min.js HTTP/1.1" 200 96377
::1 - - [02/Aug/2019:15:36:22 -0400] "GET /src/lib/pixi.min.js.map HTTP/1.1" 200 1713605
::1 - - [02/Aug/2019:15:36:22 -0400] "GET /favicon.png HTTP/1.1" 200 3766
::1 - - [02/Aug/2019:15:36:44 -0400] "GET / HTTP/1.1" 200 397
::1 - - [02/Aug/2019:15:36:44 -0400] "GET /src/index.js HTTP/1.1" 200 224
::1 - - [02/Aug/2019:15:36:44 -0400] "GET /src/lib/pixi.min.js HTTP/1.1" 200 96377
::1 - - [02/Aug/2019:15:36:44 -0400] "GET /src/lib/pixi.min.js.map HTTP/1.1" 200 1713605
::1 - - [02/Aug/2019:15:36:44 -0400] "GET /favicon.png HTTP/1.1" 200 3766
::1 - - [02/Aug/2019:15:41:03 -0400] "GET / HTTP/1.1" 200 421
::1 - - [02/Aug/2019:15:41:03 -0400] "GET /src/index.js HTTP/1.1" 200 227
::1 - - [02/Aug/2019:15:41:03 -0400] "GET /src/lib/pixi.min.js HTTP/1.1" 200 96377
::1 - - [02/Aug/2019:15:41:03 -0400] "GET /src/lib/pixi.min.js.map HTTP/1.1" 200 1713605
::1 - - [02/Aug/2019:15:41:03 -0400] "GET /favicon.png HTTP/1.1" 200 3766
::1 - - [02/Aug/2019:15:43:15 -0400] "GET / HTTP/1.1" 200 421
::1 - - [02/Aug/2019:15:43:15 -0400] "GET /src/index.js HTTP/1.1" 200 251
::1 - - [02/Aug/2019:15:43:15 -0400] "GET /src/lib/pixi.min.js HTTP/1.1" 200 96377
::1 - - [02/Aug/2019:15:43:15 -0400] "GET /src/lib/pixi.min.js.map HTTP/1.1" 200 1713605
::1 - - [02/Aug/2019:15:43:15 -0400] "GET /favicon.png HTTP/1.1" 200 3766
::1 - - [02/Aug/2019:15:52:40 -0400] "GET / HTTP/1.1" 200 427
::1 - - [02/Aug/2019:15:52:40 -0400] "GET /src/index.js HTTP/1.1" 200 419
::1 - - [02/Aug/2019:15:52:40 -0400] "GET /src/lib/pixi.min.js HTTP/1.1" 200 96377
::1 - - [02/Aug/2019:15:52:40 -0400] "GET /src/lib/pixi.min.js.map HTTP/1.1" 200 1713605
::1 - - [02/Aug/2019:15:52:40 -0400] "GET /assets/cloud_2.png HTTP/1.1" 200 3598
::1 - - [02/Aug/2019:15:52:40 -0400] "GET /assets/cloud_1.png HTTP/1.1" 200 4993
::1 - - [02/Aug/2019:15:52:40 -0400] "GET /favicon.png HTTP/1.1" 200 3766
::1 - - [02/Aug/2019:15:53:05 -0400] "GET / HTTP/1.1" 200 444
::1 - - [02/Aug/2019:15:53:06 -0400] "GET /src/index.js HTTP/1.1" 200 419
::1 - - [02/Aug/2019:15:53:06 -0400] "GET /src/CloudManager.js HTTP/1.1" 200 493
::1 - - [02/Aug/2019:15:53:06 -0400] "GET /src/lib/pixi.min.js HTTP/1.1" 200 96377
::1 - - [02/Aug/2019:15:53:06 -0400] "GET /src/lib/pixi.min.js.map HTTP/1.1" 200 1713605
::1 - - [02/Aug/2019:15:53:06 -0400] "GET /assets/cloud_1.png HTTP/1.1" 200 4993
::1 - - [02/Aug/2019:15:53:06 -0400] "GET /assets/cloud_2.png HTTP/1.1" 200 3598
::1 - - [02/Aug/2019:15:53:06 -0400] "GET /favicon.png HTTP/1.1" 200 3766
::1 - - [02/Aug/2019:15:53:52 -0400] "GET / HTTP/1.1" 200 444
::1 - - [02/Aug/2019:15:53:52 -0400] "GET /src/index.js HTTP/1.1" 200 424
::1 - - [02/Aug/2019:15:53:52 -0400] "GET /src/CloudManager.js HTTP/1.1" 200 493
::1 - - [02/Aug/2019:15:53:52 -0400] "GET /src/lib/pixi.min.js HTTP/1.1" 200 96377
::1 - - [02/Aug/2019:15:53:53 -0400] "GET /src/lib/pixi.min.js.map HTTP/1.1" 200 1713605
::1 - - [02/Aug/2019:15:53:53 -0400] "GET /assets/cloud_2.png HTTP/1.1" 200 3598
::1 - - [02/Aug/2019:15:53:53 -0400] "GET /assets/cloud_1.png HTTP/1.1" 200 4993
::1 - - [02/Aug/2019:15:53:53 -0400] "GET /favicon.png HTTP/1.1" 200 3766
::1 - - [02/Aug/2019:15:54:26 -0400] "GET / HTTP/1.1" 200 444
::1 - - [02/Aug/2019:15:54:26 -0400] "GET /src/index.js HTTP/1.1" 200 422
::1 - - [02/Aug/2019:15:54:26 -0400] "GET /src/CloudManager.js HTTP/1.1" 200 493
::1 - - [02/Aug/2019:15:54:26 -0400] "GET /src/lib/pixi.min.js HTTP/1.1" 200 96377
::1 - - [02/Aug/2019:15:54:26 -0400] "GET /src/lib/pixi.min.js.map HTTP/1.1" 200 1713605
::1 - - [02/Aug/2019:15:54:26 -0400] "GET /assets/cloud_2.png HTTP/1.1" 200 3598
::1 - - [02/Aug/2019:15:54:26 -0400] "GET /assets/cloud_1.png HTTP/1.1" 200 4993
::1 - - [02/Aug/2019:15:54:26 -0400] "GET /favicon.png HTTP/1.1" 200 3766
::1 - - [02/Aug/2019:15:54:56 -0400] "GET / HTTP/1.1" 200 444
::1 - - [02/Aug/2019:15:54:56 -0400] "GET /src/index.js HTTP/1.1" 200 422
::1 - - [02/Aug/2019:15:54:56 -0400] "GET /src/CloudManager.js HTTP/1.1" 200 495
::1 - - [02/Aug/2019:15:54:56 -0400] "GET /src/lib/pixi.min.js HTTP/1.1" 200 96377
::1 - - [02/Aug/2019:15:54:56 -0400] "GET /src/lib/pixi.min.js.map HTTP/1.1" 200 1713605
::1 - - [02/Aug/2019:15:54:56 -0400] "GET /assets/cloud_2.png HTTP/1.1" 200 3598
::1 - - [02/Aug/2019:15:54:56 -0400] "GET /assets/cloud_1.png HTTP/1.1" 200 4993
::1 - - [02/Aug/2019:15:54:56 -0400] "GET /favicon.png HTTP/1.1" 200 3766
::1 - - [02/Aug/2019:15:55:03 -0400] "GET / HTTP/1.1" 200 444
::1 - - [02/Aug/2019:15:55:03 -0400] "GET /src/index.js HTTP/1.1" 200 422
::1 - - [02/Aug/2019:15:55:03 -0400] "GET /src/CloudManager.js HTTP/1.1" 200 495
::1 - - [02/Aug/2019:15:55:03 -0400] "GET /src/lib/pixi.min.js HTTP/1.1" 200 96377
::1 - - [02/Aug/2019:15:55:03 -0400] "GET /src/lib/pixi.min.js.map HTTP/1.1" 200 1713605
::1 - - [02/Aug/2019:15:55:03 -0400] "GET /assets/cloud_1.png HTTP/1.1" 200 4993
::1 - - [02/Aug/2019:15:55:03 -0400] "GET /assets/cloud_2.png HTTP/1.1" 200 3598
::1 - - [02/Aug/2019:15:55:03 -0400] "GET /favicon.png HTTP/1.1" 200 3766
::1 - - [02/Aug/2019:15:55:58 -0400] "GET / HTTP/1.1" 200 444
::1 - - [02/Aug/2019:15:55:58 -0400] "GET /src/index.js HTTP/1.1" 200 422
::1 - - [02/Aug/2019:15:55:58 -0400] "GET /src/CloudManager.js HTTP/1.1" 200 499
::1 - - [02/Aug/2019:15:55:58 -0400] "GET /src/lib/pixi.min.js HTTP/1.1" 200 96377
::1 - - [02/Aug/2019:15:55:58 -0400] "GET /src/lib/pixi.min.js.map HTTP/1.1" 200 1713605
::1 - - [02/Aug/2019:15:55:58 -0400] "GET /assets/cloud_1.png HTTP/1.1" 200 4993
::1 - - [02/Aug/2019:15:55:58 -0400] "GET /assets/cloud_2.png HTTP/1.1" 200 3598
::1 - - [02/Aug/2019:15:55:58 -0400] "GET /favicon.png HTTP/1.1" 200 3766
::1 - - [02/Aug/2019:15:57:38 -0400] "GET / HTTP/1.1" 200 444
::1 - - [02/Aug/2019:15:57:38 -0400] "GET /src/index.js HTTP/1.1" 200 422
::1 - - [02/Aug/2019:15:57:38 -0400] "GET /src/CloudManager.js HTTP/1.1" 200 497
::1 - - [02/Aug/2019:15:57:38 -0400] "GET /src/lib/pixi.min.js HTTP/1.1" 200 96377
::1 - - [02/Aug/2019:15:57:38 -0400] "GET /src/lib/pixi.min.js.map HTTP/1.1" 200 1713605
::1 - - [02/Aug/2019:15:57:38 -0400] "GET /assets/cloud_2.png HTTP/1.1" 200 3598
::1 - - [02/Aug/2019:15:57:38 -0400] "GET /assets/cloud_1.png HTTP/1.1" 200 4993
::1 - - [02/Aug/2019:15:57:38 -0400] "GET /favicon.png HTTP/1.1" 200 3766
::1 - - [02/Aug/2019:16:28:55 -0400] "GET / HTTP/1.1" 200 457
::1 - - [02/Aug/2019:16:28:55 -0400] "GET /src/lib/pixi.min.js HTTP/1.1" 304 0
::1 - - [02/Aug/2019:16:28:55 -0400] "GET /src/index.js HTTP/1.1" 200 482
::1 - - [02/Aug/2019:16:28:55 -0400] "GET /src/CloudManager.js HTTP/1.1" 304 0
::1 - - [02/Aug/2019:16:28:55 -0400] "GET /src/Rocket.js HTTP/1.1" 200 354
::1 - - [02/Aug/2019:16:28:55 -0400] "GET /src/Player.js HTTP/1.1" 200 712
::1 - - [02/Aug/2019:16:28:55 -0400] "GET /assets/cloud_1.png HTTP/1.1" 304 0
::1 - - [02/Aug/2019:16:28:55 -0400] "GET /assets/misha.png HTTP/1.1" 200 100650
::1 - - [02/Aug/2019:16:28:55 -0400] "GET /assets/cloud_2.png HTTP/1.1" 304 0
::1 - - [02/Aug/2019:16:28:55 -0400] "GET /assets/rocket.png HTTP/1.1" 200 2028
::1 - - [02/Aug/2019:16:28:55 -0400] "GET /favicon.png HTTP/1.1" 200 3766
